2024-03-29T02:13:58+00:00 [ERROR] : Tabela: tb_ramal Erro: SQLSTATE[23000]: Integrity constraint violation: 1062 Duplicate entry 'diogo' for key 'tb_ramal.nm_funcionario'
2024-03-29T02:22:35+00:00 [ERROR] : Tabela: tb_ramal Erro: SQLSTATE[23000]: Integrity constraint violation: 1062 Duplicate entry 'diogo' for key 'tb_ramal.nm_funcionario'
2024-03-29T02:24:53+00:00 [ERROR] : Tabela: tb_usuario Erro: Tabela não encontrada
2024-03-29T02:29:16+00:00 [ERROR] : Tabela: tb_usuario Erro: SQLSTATE[42S22]: Column not found: 1054 Unknown column 'tb_conexao.cd_cliente' in 'on clause'
2024-03-29T02:54:17+00:00 [ERROR] : Tabela: Selecione%20as%20Colunas%20Desejadas Erro: Tabela não encontrada
2024-03-29T02:55:29+00:00 [ERROR] : Tabela: tb_cliente Erro: SQLSTATE[42S22]: Column not found: 1054 Unknown column 'Array' in 'field list'
2024-03-29T02:55:58+00:00 [ERROR] : Tabela: tb_cliente Erro: SQLSTATE[42S22]: Column not found: 1054 Unknown column 'Array' in 'field list'
2024-04-03T22:14:22+00:00 [ERROR] : Tabela: tb_cliente Erro: Tabela não encontrada
2024-04-03T22:14:37+00:00 [ERROR] : Tabela: tb_conexao Erro: Tabela não encontrada
2024-04-03T22:14:51+00:00 [ERROR] : Tabela: tb_ramal Erro: Tabela não encontrada
2024-04-03T22:19:36+00:00 [ERROR] : Tabela: tb_usuario Erro: Tabela não encontrada
2024-04-03T22:23:16+00:00 [ERROR] : Tabela: tb_cliente Erro: SQLSTATE[42S22]: Column not found: 1054 Unknown column 'Array' in 'field list'
2024-04-03T22:31:35+00:00 [ERROR] : Tabela:  Erro: Tabela não encontrada
2024-04-03T22:32:14+00:00 [ERROR] : Tabela:  Erro: Tabela não encontrada
2024-04-03T22:32:17+00:00 [ERROR] : Tabela:  Erro: Tabela não encontrada
2024-04-03T22:33:20+00:00 [ERROR] : Tabela: tb_cliente Erro: SQLSTATE[42S22]: Column not found: 1054 Unknown column 'Array' in 'field list'
2024-04-03T22:34:16+00:00 [ERROR] : Tabela: tb_cliente Erro: SQLSTATE[42S22]: Column not found: 1054 Unknown column 'Array' in 'field list'
2024-04-03T22:37:30+00:00 [ERROR] : Tabela: tb_cliente Erro: SQLSTATE[42S22]: Column not found: 1054 Unknown column 'Array' in 'field list'
2024-04-03T22:37:33+00:00 [ERROR] : Tabela: tb_cliente Erro: SQLSTATE[42S22]: Column not found: 1054 Unknown column 'Array' in 'field list'
2024-04-03T22:39:11+00:00 [ERROR] : Tabela: tb_cliente Erro: SQLSTATE[42S22]: Column not found: 1054 Unknown column 'Array' in 'field list'
2024-04-03T22:40:00+00:00 [ERROR] : Tabela: tb_cliente Erro: SQLSTATE[42000]: Syntax error or access violation: 1064 You have an error in your SQL syntax; check the manual that corresponds to your MySQL server version for the right syntax to use near ',cd_cliente,nm_cliente,nr_loja FROM tb_cliente' at line 1
